<?xml version="1.0" encoding="UTF-8"?>
<testsuite xmlns:xsi="http://www.w3.org/2001/XMLSchema-instance" xsi:noNamespaceSchemaLocation="https://maven.apache.org/surefire/maven-surefire-plugin/xsd/surefire-test-report-3.0.xsd" version="3.0" name="ro.ase.tas.selenium.AutomationClassTest" time="22.566" tests="4" errors="0" skipped="0" failures="0">
  <properties>
[...]
</properties>
  <testcase name="SortProducts" classname="ro.ase.tas.selenium.AutomationClassTest" time="6.433">
    <system-err><![CDATA[Apr 19, 2024 6:52:23 PM org.openqa.selenium.devtools.CdpVersionFinder findNearestMatch
WARNING: Unable to find an exact match for CDP version 124, returning the closest version; found: 122; Please update to a Selenium version that supports CDP version 124
]]></system-err>
  </testcase>
  <testcase name="addProductToCart" classname="ro.ase.tas.selenium.AutomationClassTest" time="5.558">
    <system-err><![CDATA[Apr 19, 2024 6:52:27 PM org.openqa.selenium.devtools.CdpVersionFinder findNearestMatch
WARNING: Unable to find an exact match for CDP version 124, returning the closest version; found: 122; Please update to a Selenium version that supports CDP version 124
]]></system-err>
  </testcase>
  <testcase name="searchProduct" classname="ro.ase.tas.selenium.AutomationClassTest" time="4.016">
    <system-out><![CDATA[Dior Sauvage (Eau de Parfum)
]]></system-out>
    <system-err><![CDATA[Apr 19, 2024 6:52:33 PM org.openqa.selenium.devtools.CdpVersionFinder findNearestMatch
WARNING: Unable to find an exact match for CDP version 124, returning the closest version; found: 122; Please update to a Selenium version that supports CDP version 124
]]></system-err>
  </testcase>
  <testcase name="FilterProducts" classname="ro.ase.tas.selenium.AutomationClassTest" time="6.536">
    <system-err><![CDATA[Apr 19, 2024 6:52:37 PM org.openqa.selenium.devtools.CdpVersionFinder findNearestMatch
WARNING: Unable to find an exact match for CDP version 124, returning the closest version; found: 122; Please update to a Selenium version that supports CDP version 124
]]></system-err>
  </testcase>
</testsuite>